#
# There is insufficient memory for the Java Runtime Environment to continue.
# Native memory allocation (mmap) failed to map 266338304 bytes for Failed to commit area from 0x0000000702000000 to 0x0000000711e00000 of length 266338304.
# Possible reasons:
#   The system is out of physical RAM or swap space
#   The process is running with CompressedOops enabled, and the Java Heap may be blocking the growth of the native heap
# Possible solutions:
#   Reduce memory load on the system
#   Increase physical memory or swap space
#   Check if swap backing store is full
#   Decrease Java heap size (-Xmx/-Xms)
#   Decrease number of Java threads
#   Decrease Java thread stack sizes (-Xss)
#   Set larger code cache with -XX:ReservedCodeCacheSize=
# This output file may be truncated or incomplete.
#
#  Out of Memory Error (./src/hotspot/os/windows/os_windows.cpp:3521), pid=14632, tid=29044
#
# JRE version:  (11.0.12+7) (build )
# Java VM: OpenJDK 64-Bit Server VM (11.0.12+7-b1504.28-7817840, mixed mode, sharing, tiered, compressed oops, g1 gc, windows-amd64)
# No core dump will be written. Minidumps are not enabled by default on client versions of Windows
#

---------------  S U M M A R Y ------------

Command Line: org.jetbrains.kotlin.cli.jvm.K2JVMCompiler @D:\android projects\HappyPlaces\app\build\20221014_18367665577107178902.compiler.options

Host: Intel(R) Core(TM) i7-10750H CPU @ 2.60GHz, 12 cores, 15G,  Windows 10 , 64 bit Build 22000 (10.0.22000.708)
Time: Fri Oct 14 20:39:26 2022 Egypt Standard Time elapsed time: 0.009413 seconds (0d 0h 0m 0s)

---------------  T H R E A D  ---------------

Current thread (0x0000013fc05ce000):  JavaThread "Unknown thread" [_thread_in_vm, id=29044, stack(0x0000003478500000,0x0000003478600000)]

Stack: [0x0000003478500000,0x0000003478600000]
Native frames: (J=compiled Java code, j=interpreted, Vv=VM code, C=native code)
V  [jvm.dll+0x5fbcea]
V  [jvm.dll+0x731905]
V  [jvm.dll+0x732f1d]
V  [jvm.dll+0x7335d3]
V  [jvm.dll+0x247bf8]
V  [jvm.dll+0x5f90b4]
V  [jvm.dll+0x5edc85]
V  [jvm.dll+0x305aeb]
V  [jvm.dll+0x305a5a]
V  [jvm.dll+0x305932]
V  [jvm.dll+0x30a896]
V  [jvm.dll+0x353803]
V  [jvm.dll+0x353f06]
V  [jvm.dll+0x353903]
V  [jvm.dll+0x2e0678]
V  [jvm.dll+0x2e1827]
V  [jvm.dll+0x710037]
V  [jvm.dll+0x71182c]
V  [jvm.dll+0x360da9]
V  [jvm.dll+0x6f390e]
V  [jvm.dll+0x3c9723]
V  [jvm.dll+0x3cb9b1]
C  [jli.dll+0x536b]
C  [ucrtbase.dll+0x26c0c]
C  [KERNEL32.DLL+0x154e0]
C  [ntdll.dll+0x485b]


---------------  P R O C E S S  ---------------

Threads class SMR info:
_java_thread_list=0x0000013fc04fb180, length=0, elements={
}

Java Threads: ( => current thread )

Other Threads:
  0x0000013fc06aa800 GCTaskThread "GC Thread#0" [stack: 0x0000003478600000,0x0000003478700000] [id=6608]
  0x0000013fc0706000 ConcurrentGCThread "G1 Main Marker" [stack: 0x0000003478700000,0x0000003478800000] [id=23276]
  0x0000013fc0708000 ConcurrentGCThread "G1 Conc#0" [stack: 0x0000003478800000,0x0000003478900000] [id=14840]

[error occurred during error reporting (printing all threads), id 0xc0000005, EXCEPTION_ACCESS_VIOLATION (0xc0000005) at pc=0x00007ffde4500be7]

VM state:not at safepoint (not fully initialized)

VM Mutex/Monitor currently owned by a thread:  ([mutex/lock_event])
[0x0000013fc05c9fc0] Heap_lock - owner thread: 0x0000013fc05ce000

Heap address: 0x0000000702000000, size: 4064 MB, Compressed Oops mode: Non-zero based: 0x0000000702000000
Narrow klass base: 0x0000000000000000, Narrow klass shift: 0

GC Heap History (0 events):
No events

Deoptimization events (0 events):
No events

Classes redefined (0 events):
No events

Internal exceptions (0 events):
No events

Events (1 events):
Event: 0.004 Loaded shared library C:\Program Files\Android\Android Studio\jre\bin\zip.dll


Dynamic libraries:
0x00007ff616df0000 - 0x00007ff616dfa000 	C:\Program Files\Android\Android Studio\jre\bin\java.exe
0x00007ffe819a0000 - 0x00007ffe81ba9000 	C:\WINDOWS\SYSTEM32\ntdll.dll
0x00007ffe808c0000 - 0x00007ffe8097d000 	C:\WINDOWS\System32\KERNEL32.DLL
0x00007ffe7f3b0000 - 0x00007ffe7f72b000 	C:\WINDOWS\System32\KERNELBASE.dll
0x00007ffe7ee70000 - 0x00007ffe7ef81000 	C:\WINDOWS\System32\ucrtbase.dll
0x00007ffe626b0000 - 0x00007ffe626c7000 	C:\Program Files\Android\Android Studio\jre\bin\VCRUNTIME140.dll
0x00007ffe612d0000 - 0x00007ffe612e9000 	C:\Program Files\Android\Android Studio\jre\bin\jli.dll
0x00007ffe803f0000 - 0x00007ffe8059d000 	C:\WINDOWS\System32\USER32.dll
0x00007ffe5dfb0000 - 0x00007ffe5e255000 	C:\WINDOWS\WinSxS\amd64_microsoft.windows.common-controls_6595b64144ccf1df_6.0.22000.120_none_9d947278b86cc467\COMCTL32.dll
0x00007ffe7f380000 - 0x00007ffe7f3a6000 	C:\WINDOWS\System32\win32u.dll
0x00007ffe80240000 - 0x00007ffe802e3000 	C:\WINDOWS\System32\msvcrt.dll
0x00007ffe80c00000 - 0x00007ffe80c29000 	C:\WINDOWS\System32\GDI32.dll
0x00007ffe7f260000 - 0x00007ffe7f378000 	C:\WINDOWS\System32\gdi32full.dll
0x00007ffe7f050000 - 0x00007ffe7f0ed000 	C:\WINDOWS\System32\msvcp_win.dll
0x00007ffe80f60000 - 0x00007ffe80f91000 	C:\WINDOWS\System32\IMM32.DLL
0x00007ffe46bd0000 - 0x00007ffe46c6d000 	C:\Program Files\Android\Android Studio\jre\bin\msvcp140.dll
0x00007ffde4210000 - 0x00007ffde4cf5000 	C:\Program Files\Android\Android Studio\jre\bin\server\jvm.dll
0x00007ffe805b0000 - 0x00007ffe8065e000 	C:\WINDOWS\System32\ADVAPI32.dll
0x00007ffe7f820000 - 0x00007ffe7f8be000 	C:\WINDOWS\System32\sechost.dll
0x00007ffe80a40000 - 0x00007ffe80b60000 	C:\WINDOWS\System32\RPCRT4.dll
0x00007ffe80300000 - 0x00007ffe80308000 	C:\WINDOWS\System32\PSAPI.DLL
0x00007ffe597b0000 - 0x00007ffe597b9000 	C:\WINDOWS\SYSTEM32\WSOCK32.dll
0x00007ffe79b10000 - 0x00007ffe79b43000 	C:\WINDOWS\SYSTEM32\WINMM.dll
0x00007ffe79b00000 - 0x00007ffe79b0a000 	C:\WINDOWS\SYSTEM32\VERSION.dll
0x00007ffe80310000 - 0x00007ffe8037f000 	C:\WINDOWS\System32\WS2_32.dll
0x00007ffe7dfe0000 - 0x00007ffe7dff8000 	C:\WINDOWS\SYSTEM32\kernel.appcore.dll
0x00007ffe47000000 - 0x00007ffe47011000 	C:\Program Files\Android\Android Studio\jre\bin\verify.dll
0x00007ffe7c980000 - 0x00007ffe7cba1000 	C:\WINDOWS\SYSTEM32\DBGHELP.DLL
0x00007ffe78130000 - 0x00007ffe78161000 	C:\WINDOWS\SYSTEM32\dbgcore.DLL
0x00007ffe7f730000 - 0x00007ffe7f7af000 	C:\WINDOWS\System32\bcryptPrimitives.dll
0x00007ffe46ed0000 - 0x00007ffe46ef9000 	C:\Program Files\Android\Android Studio\jre\bin\java.dll
0x00007ffe54550000 - 0x00007ffe5455b000 	C:\Program Files\Android\Android Studio\jre\bin\jimage.dll
0x00007ffe46eb0000 - 0x00007ffe46ec8000 	C:\Program Files\Android\Android Studio\jre\bin\zip.dll

dbghelp: loaded successfully - version: 4.0.5 - missing functions: none
symbol engine: initialized successfully - sym options: 0x614 - pdb path: .;C:\Program Files\Android\Android Studio\jre\bin;C:\WINDOWS\SYSTEM32;C:\WINDOWS\WinSxS\amd64_microsoft.windows.common-controls_6595b64144ccf1df_6.0.22000.120_none_9d947278b86cc467;C:\Program Files\Android\Android Studio\jre\bin\server

VM Arguments:
java_command: org.jetbrains.kotlin.cli.jvm.K2JVMCompiler @D:\android projects\HappyPlaces\app\build\20221014_18367665577107178902.compiler.options
java_class_path (initial): C:\Users\oem\.gradle\caches\modules-2\files-2.1\org.jetbrains.kotlin\kotlin-compiler-embeddable\1.7.10\909803167c98606fcf22b4c848647c68e351d48d\kotlin-compiler-embeddable-1.7.10.jar;C:\Users\oem\.gradle\caches\modules-2\files-2.1\org.jetbrains.kotlin\kotlin-reflect\1.7.10\165e600dfea6185cf5efa700756294cc4904dbeb\kotlin-reflect-1.7.10.jar;C:\Users\oem\.gradle\caches\modules-2\files-2.1\org.jetbrains.kotlin\kotlin-stdlib\1.7.10\d2abf9e77736acc4450dc4a3f707fa2c10f5099d\kotlin-stdlib-1.7.10.jar;C:\Users\oem\.gradle\caches\modules-2\files-2.1\org.jetbrains.kotlin\kotlin-script-runtime\1.7.10\c99c87a6988d8fd8d5142e9ed5c9f34a7cf561ee\kotlin-script-runtime-1.7.10.jar;C:\Users\oem\.gradle\caches\modules-2\files-2.1\org.jetbrains.kotlin\kotlin-daemon-embeddable\1.7.10\3a9f7aef7080d3ae63126cbba4f827ed664f32fa\kotlin-daemon-embeddable-1.7.10.jar;C:\Users\oem\.gradle\caches\modules-2\files-2.1\org.jetbrains.intellij.deps\trove4j\1.0.20200330\3afb14d5f9ceb459d724e907a21145e8ff394f02\trove4j-1.0.20200330.jar;C:\Users\oem\.gradle\caches\modules-2\files-2.1\net.java.dev.jna\jna\5.6.0\330f2244e9030119ab3030fc3fededc86713d9cc\jna-5.6.0.jar;C:\Users\oem\.gradle\caches\modules-2\files-2.1\org.jetbrains.kotlin\kotlin-stdlib-common\1.7.10\bac80c520d0a9e3f3673bc2658c6ed02ef45a76a\kotlin-stdlib-common-1.7.10.jar;C:\Users\oem\.gradle\caches\modules-2\files-2.1\org.jetbrains\annotations\13.0\919f0dfe192fb4e063e7dacadee7f8bb9a2672a9\annotations-13.0.jar
Launcher Type: SUN_STANDARD

[Global flags]
     intx CICompilerCount                          = 4                                         {product} {ergonomic}
     uint ConcGCThreads                            = 3                                         {product} {ergonomic}
     uint G1ConcRefinementThreads                  = 10                                        {product} {ergonomic}
   size_t G1HeapRegionSize                         = 1048576                                   {product} {ergonomic}
    uintx GCDrainStackTargetSize                   = 64                                        {product} {ergonomic}
   size_t InitialHeapSize                          = 266338304                                 {product} {ergonomic}
   size_t MarkStackSize                            = 4194304                                   {product} {ergonomic}
   size_t MaxHeapSize                              = 4261412864                                {product} {ergonomic}
   size_t MinHeapDeltaBytes                        = 1048576                                   {product} {ergonomic}
    uintx NonNMethodCodeHeapSize                   = 5836300                                {pd product} {ergonomic}
    uintx NonProfiledCodeHeapSize                  = 122910970                              {pd product} {ergonomic}
    uintx ProfiledCodeHeapSize                     = 122910970                              {pd product} {ergonomic}
    uintx ReservedCodeCacheSize                    = 251658240                              {pd product} {ergonomic}
     bool SegmentedCodeCache                       = true                                      {product} {ergonomic}
     bool UseCompressedClassPointers               = true                                 {lp64_product} {ergonomic}
     bool UseCompressedOops                        = true                                 {lp64_product} {ergonomic}
     bool UseG1GC                                  = true                                      {product} {ergonomic}
     bool UseLargePagesIndividualAllocation        = false                                  {pd product} {ergonomic}

Logging:
Log output configuration:
 #0: stdout all=warning uptime,level,tags
 #1: stderr all=off uptime,level,tags

Environment Variables:
PATH=C:\Program Files\Common Files\Oracle\Java\javapath;C:\Program Files (x86)\Common Files\Oracle\Java\javapath;C:\Program Files (x86)\VMware\bin\;C:\Windows\system32;C:\Windows;C:\Windows\System32\Wbem;C:\Windows\System32\WindowsPowerShell\v1.0\;C:\Windows\System32\OpenSSH\;C:\Program Files (x86)\NVIDIA Corporation\PhysX\Common;C:\Program Files\NVIDIA Corporation\NVIDIA NvDLISR;C:\MinGW\bin;D:\dart-sdk\bin;C:\kotlinc\bin;C:\Program Files\Git\cmd;C:\Program Files\MySQL\MySQL Server 8.0\bin;;C:\WINDOWS\system32;C:\WINDOWS;C:\WINDOWS\System32\Wbem;C:\WINDOWS\System32\WindowsPowerShell\v1.0\;C:\WINDOWS\System32\OpenSSH\;C:\Program Files\dotnet\;C:\Program Files\Microsoft SQL Server\Client SDK\ODBC\170\Tools\Binn\;C:\Program Files (x86)\Microsoft SQL Server\150\Tools\Binn\;C:\Program Files\Microsoft SQL Server\150\Tools\Binn\;C:\Program Files\Microsoft SQL Server\150\DTS\Binn\;C:\Program Files (x86)\Microsoft SQL Server\150\DTS\Binn\;C:\Program Files\Azure Data Studio\bin;C:\Users\oem\AppData\Local\Programs\Python\Python310\Scripts\;C:\Users\oem\AppData\Local\Programs\Python\Python310\;C:\Users\oem\AppData\Local\Programs\Python\Python39\Scripts\;C:\Users\oem\AppData\Local\Programs\Python\Python39\;C:\Users\oem\AppData\Local\Microsoft\WindowsApps;C:\Users\oem\AppData\Local\Programs\Microsoft VS Code\bin;C:\PyCharm Community Edition 2020.3.2\bin;C:\MinGW\bin;D:\dart-sdk\bin;C:\flutter\bin;C:\kotlinc\bin;C:\Program Files\JetBrains\PyCharm Community Edition 2021.3.2\bin;;C:\Program Files\JetBrains\IntelliJ IDEA Community Edition 2021.3.2\bin;;C:\Users\oem\AppData\Local\GitHubDesktop\bin;C:\Users\oem\AppData\Local\Microsoft\WindowsApps;C:\Users\oem\.dotnet\tools;C:\Program Files\Azure Data Studio\bin
USERNAME=oem
OS=Windows_NT
PROCESSOR_IDENTIFIER=Intel64 Family 6 Model 165 Stepping 2, GenuineIntel



---------------  S Y S T E M  ---------------

OS: Windows 10 , 64 bit Build 22000 (10.0.22000.708)
OS uptime: 0 days 19:08 hours

CPU:total 12 (initial active 12) (6 cores per cpu, 2 threads per core) family 6 model 165 stepping 2 microcode 0xec, cmov, cx8, fxsr, mmx, sse, sse2, sse3, ssse3, sse4.1, sse4.2, popcnt, avx, avx2, aes, clmul, erms, 3dnowpref, lzcnt, ht, tsc, tscinvbit, bmi1, bmi2, adx, fma

Memory: 4k page, system-wide physical 16251M (987M free)
TotalPageFile size 46647M (AvailPageFile size 110M)
current process WorkingSet (physical memory assigned to process): 10M, peak: 10M
current process commit charge ("private bytes"): 64M, peak: 318M

vm_info: OpenJDK 64-Bit Server VM (11.0.12+7-b1504.28-7817840) for windows-amd64 JRE (11.0.12+7-b1504.28-7817840), built on Oct 13 2021 22:12:33 by "builder" with MS VC++ 14.0 (VS2015)

END.
